  assemble.cpp
  extract_fbx_data.cpp
  part.cpp
assemble.obj : error LNK2001: 无法解析的外部符号 "unsigned __int64 __cdecl fbxsdk::FbxAllocSize(unsigned __int64,unsigned __int64)" (?FbxAllocSize@fbxsdk@@YA_K_K0@Z)
assemble.obj : error LNK2001: 无法解析的外部符号 "public: double __cdecl fbxsdk::FbxAMatrix::Get(int,int)const " (?Get@FbxAMatrix@fbxsdk@@QEBANHH@Z)
assemble.obj : error LNK2001: 无法解析的外部符号 "public: __cdecl fbxsdk::FbxAMatrix::~FbxAMatrix(void)" (??1FbxAMatrix@fbxsdk@@QEAA@XZ)
assemble.obj : error LNK2001: 无法解析的外部符号 "public: __cdecl fbxsdk::FbxAMatrix::FbxAMatrix(class fbxsdk::FbxAMatrix const &)" (??0FbxAMatrix@fbxsdk@@QEAA@AEBV01@@Z)
assemble.obj : error LNK2001: 无法解析的外部符号 "public: int __cdecl fbxsdk::FbxString::Compare(char const *)const " (?Compare@FbxString@fbxsdk@@QEBAHPEBD@Z)
assemble.obj : error LNK2001: 无法解析的外部符号 "public: __cdecl fbxsdk::FbxString::operator char const *(void)const " (??BFbxString@fbxsdk@@QEBAPEBDXZ)
assemble.obj : error LNK2001: 无法解析的外部符号 "public: __cdecl fbxsdk::FbxString::~FbxString(void)" (??1FbxString@fbxsdk@@QEAA@XZ)
assemble.obj : error LNK2001: 无法解析的外部符号 "public: __cdecl fbxsdk::FbxString::FbxString(class fbxsdk::FbxString const &)" (??0FbxString@fbxsdk@@QEAA@AEBV01@@Z)
assemble.obj : error LNK2001: 无法解析的外部符号 "void __cdecl fbxsdk::FbxFree(void *)" (?FbxFree@fbxsdk@@YAXPEAX@Z)
assemble.obj : error LNK2001: 无法解析的外部符号 "void * __cdecl fbxsdk::FbxMalloc(unsigned __int64)" (?FbxMalloc@fbxsdk@@YAPEAX_K@Z)
assemble.obj : error LNK2001: 无法解析的外部符号 "public: class fbxsdk::FbxAMatrix & __cdecl fbxsdk::FbxNode::EvaluateLocalTransform(class fbxsdk::FbxTime,enum fbxsdk::FbxNode::EPivotSet,bool,bool)" (?EvaluateLocalTransform@FbxNode@fbxsdk@@QEAAAEAVFbxAMatrix@2@VFbxTime@2@W4EPivotSet@12@_N2@Z)
assemble.obj : error LNK2001: 无法解析的外部符号 "public: class fbxsdk::FbxNode * __cdecl fbxsdk::FbxNode::GetChild(int)" (?GetChild@FbxNode@fbxsdk@@QEAAPEAV12@H@Z)
assemble.obj : error LNK2001: 无法解析的外部符号 "public: int __cdecl fbxsdk::FbxNode::GetChildCount(bool)const " (?GetChildCount@FbxNode@fbxsdk@@QEBAH_N@Z)
assemble.obj : error LNK2001: 无法解析的外部符号 "public: char const * __cdecl fbxsdk::FbxObject::GetName(void)const " (?GetName@FbxObject@fbxsdk@@QEBAPEBDXZ)
extract_fbx_data.obj : error LNK2001: 无法解析的外部符号 "public: bool __cdecl fbxsdk::FbxImporter::Import(class fbxsdk::FbxDocument *,bool)" (?Import@FbxImporter@fbxsdk@@QEAA_NPEAVFbxDocument@2@_N@Z)
extract_fbx_data.obj : error LNK2001: 无法解析的外部符号 "public: static class fbxsdk::FbxImporter * __cdecl fbxsdk::FbxImporter::Create(class fbxsdk::FbxManager *,char const *)" (?Create@FbxImporter@fbxsdk@@SAPEAV12@PEAVFbxManager@2@PEBD@Z)
extract_fbx_data.obj : error LNK2001: 无法解析的外部符号 "public: class fbxsdk::FbxNode * __cdecl fbxsdk::FbxScene::GetRootNode(void)const " (?GetRootNode@FbxScene@fbxsdk@@QEBAPEAVFbxNode@2@XZ)
extract_fbx_data.obj : error LNK2001: 无法解析的外部符号 "public: static class fbxsdk::FbxScene * __cdecl fbxsdk::FbxScene::Create(class fbxsdk::FbxManager *,char const *)" (?Create@FbxScene@fbxsdk@@SAPEAV12@PEAVFbxManager@2@PEBD@Z)
extract_fbx_data.obj : error LNK2001: 无法解析的外部符号 "public: static class fbxsdk::FbxManager * __cdecl fbxsdk::FbxManager::Create(void)" (?Create@FbxManager@fbxsdk@@SAPEAV12@XZ)
extract_fbx_data.obj : error LNK2001: 无法解析的外部符号 "public: static class fbxsdk::FbxIOSettings * __cdecl fbxsdk::FbxIOSettings::Create(class fbxsdk::FbxManager *,char const *)" (?Create@FbxIOSettings@fbxsdk@@SAPEAV12@PEAVFbxManager@2@PEBD@Z)
extract_fbx_data.obj : error LNK2001: 无法解析的外部符号 "public: void __cdecl fbxsdk::FbxObject::Destroy(bool)" (?Destroy@FbxObject@fbxsdk@@QEAAX_N@Z)
part.obj : error LNK2001: 无法解析的外部符号 "public: static class fbxsdk::FbxClassId fbxsdk::FbxSurfaceLambert::ClassId" (?ClassId@FbxSurfaceLambert@fbxsdk@@2VFbxClassId@2@A)
part.obj : error LNK2001: 无法解析的外部符号 "protected: bool __cdecl fbxsdk::FbxProperty::Get(void *,enum fbxsdk::EFbxType const &)const " (?Get@FbxProperty@fbxsdk@@IEBA_NPEAXAEBW4EFbxType@2@@Z)
part.obj : error LNK2001: 无法解析的外部符号 "public: class fbxsdk::FbxColor & __cdecl fbxsdk::FbxColor::operator=(class fbxsdk::FbxColor const &)" (??4FbxColor@fbxsdk@@QEAAAEAV01@AEBV01@@Z)
part.obj : error LNK2001: 无法解析的外部符号 "public: __cdecl fbxsdk::FbxColor::~FbxColor(void)" (??1FbxColor@fbxsdk@@QEAA@XZ)
part.obj : error LNK2001: 无法解析的外部符号 "public: __cdecl fbxsdk::FbxColor::FbxColor(void)" (??0FbxColor@fbxsdk@@QEAA@XZ)
part.obj : error LNK2001: 无法解析的外部符号 "public: __cdecl fbxsdk::FbxColor::FbxColor(double,double,double,double)" (??0FbxColor@fbxsdk@@QEAA@NNNN@Z)
part.obj : error LNK2001: 无法解析的外部符号 "public: class fbxsdk::FbxVector4 & __cdecl fbxsdk::FbxVector4::operator=(class fbxsdk::FbxVector4 const &)" (??4FbxVector4@fbxsdk@@QEAAAEAV01@AEBV01@@Z)
part.obj : error LNK2001: 无法解析的外部符号 "public: __cdecl fbxsdk::FbxVector4::FbxVector4(void)" (??0FbxVector4@fbxsdk@@QEAA@XZ)
part.obj : error LNK2001: 无法解析的外部符号 "public: __cdecl fbxsdk::FbxVector4::FbxVector4(class fbxsdk::FbxVector4 const &)" (??0FbxVector4@fbxsdk@@QEAA@AEBV01@@Z)
part.obj : error LNK2001: 无法解析的外部符号 "public: __cdecl fbxsdk::FbxVector4::FbxVector4(double,double,double,double)" (??0FbxVector4@fbxsdk@@QEAA@NNNN@Z)
part.obj : error LNK2001: 无法解析的外部符号 "public: int __cdecl fbxsdk::FbxMesh::GetTextureUVIndex(int,int,enum fbxsdk::FbxLayerElement::EType)" (?GetTextureUVIndex@FbxMesh@fbxsdk@@QEAAHHHW4EType@FbxLayerElement@2@@Z)
part.obj : error LNK2001: 无法解析的外部符号 "public: class fbxsdk::FbxVector2 & __cdecl fbxsdk::FbxVector2::operator=(class fbxsdk::FbxVector2 const &)" (??4FbxVector2@fbxsdk@@QEAAAEAV01@AEBV01@@Z)
part.obj : error LNK2001: 无法解析的外部符号 "public: __cdecl fbxsdk::FbxVector2::FbxVector2(void)" (??0FbxVector2@fbxsdk@@QEAA@XZ)
part.obj : error LNK2001: 无法解析的外部符号 "public: __cdecl fbxsdk::FbxVector2::FbxVector2(class fbxsdk::FbxVector2 const &)" (??0FbxVector2@fbxsdk@@QEAA@AEBV01@@Z)
part.obj : error LNK2001: 无法解析的外部符号 "public: __cdecl fbxsdk::FbxVector2::FbxVector2(double,double)" (??0FbxVector2@fbxsdk@@QEAA@NN@Z)
part.obj : error LNK2001: 无法解析的外部符号 "public: class fbxsdk::FbxLayerElementUV * __cdecl fbxsdk::FbxGeometryBase::GetElementUV(int,enum fbxsdk::FbxLayerElement::EType)" (?GetElementUV@FbxGeometryBase@fbxsdk@@QEAAPEAVFbxLayerElementUV@2@HW4EType@FbxLayerElement@2@@Z)
part.obj : error LNK2001: 无法解析的外部符号 "public: class fbxsdk::FbxLayerElementVertexColor * __cdecl fbxsdk::FbxGeometryBase::GetElementVertexColor(int)" (?GetElementVertexColor@FbxGeometryBase@fbxsdk@@QEAAPEAVFbxLayerElementVertexColor@2@H@Z)
part.obj : error LNK2001: 无法解析的外部符号 "public: class fbxsdk::FbxLayerElementMaterial * __cdecl fbxsdk::FbxGeometryBase::GetElementMaterial(int)" (?GetElementMaterial@FbxGeometryBase@fbxsdk@@QEAAPEAVFbxLayerElementMaterial@2@H@Z)
part.obj : error LNK2001: 无法解析的外部符号 "public: class fbxsdk::FbxLayerElementNormal * __cdecl fbxsdk::FbxGeometryBase::GetElementNormal(int)" (?GetElementNormal@FbxGeometryBase@fbxsdk@@QEAAPEAVFbxLayerElementNormal@2@H@Z)
part.obj : error LNK2001: 无法解析的外部符号 "public: bool __cdecl fbxsdk::FbxClassId::operator==(class fbxsdk::FbxClassId const &)const " (??8FbxClassId@fbxsdk@@QEBA_NAEBV01@@Z)
part.obj : error LNK2001: 无法解析的外部符号 "public: bool __cdecl fbxsdk::FbxClassId::Is(class fbxsdk::FbxClassId const &)const " (?Is@FbxClassId@fbxsdk@@QEBA_NAEBV12@@Z)
part.obj : error LNK2001: 无法解析的外部符号 "public: char const * __cdecl fbxsdk::FbxClassId::GetName(void)const " (?GetName@FbxClassId@fbxsdk@@QEBAPEBDXZ)
part.obj : error LNK2001: 无法解析的外部符号 "public: __cdecl fbxsdk::FbxClassId::FbxClassId(void)" (??0FbxClassId@fbxsdk@@QEAA@XZ)
part.obj : error LNK2001: 无法解析的外部符号 "public: bool __cdecl fbxsdk::FbxLayerElementArray::GetAt(int,void * *,enum fbxsdk::EFbxType)const " (?GetAt@FbxLayerElementArray@fbxsdk@@QEBA_NHPEAPEAXW4EFbxType@2@@Z)
part.obj : error LNK2001: 无法解析的外部符号 "public: static class fbxsdk::FbxClassId fbxsdk::FbxSurfacePhong::ClassId" (?ClassId@FbxSurfacePhong@fbxsdk@@2VFbxClassId@2@A)
part.obj : error LNK2001: 无法解析的外部符号 "public: class fbxsdk::FbxSurfaceMaterial * __cdecl fbxsdk::FbxNode::GetMaterial(int)const " (?GetMaterial@FbxNode@fbxsdk@@QEBAPEAVFbxSurfaceMaterial@2@H@Z)
part.obj : error LNK2001: 无法解析的外部符号 "public: int __cdecl fbxsdk::FbxNode::GetMaterialCount(void)const " (?GetMaterialCount@FbxNode@fbxsdk@@QEBAHXZ)
part.obj : error LNK2001: 无法解析的外部符号 "public: class fbxsdk::FbxMesh * __cdecl fbxsdk::FbxNode::GetMesh(void)" (?GetMesh@FbxNode@fbxsdk@@QEAAPEAVFbxMesh@2@XZ)
part.obj : error LNK2001: 无法解析的外部符号 "public: class fbxsdk::FbxNodeAttribute * __cdecl fbxsdk::FbxNode::GetNodeAttribute(void)" (?GetNodeAttribute@FbxNode@fbxsdk@@QEAAPEAVFbxNodeAttribute@2@XZ)
E:\water_all\extract_fbx_data\x64\Release\extract_fbx_data.exe : fatal error LNK1120: 50 个无法解析的外部命令
